[2020-04-07 04:51:41,119] {taskinstance.py:616} INFO - Dependencies all met for <TaskInstance: asdasd.run_after_loop 2020-04-06T00:00:00+00:00 [queued]>
[2020-04-07 04:51:41,169] {taskinstance.py:616} INFO - Dependencies all met for <TaskInstance: asdasd.run_after_loop 2020-04-06T00:00:00+00:00 [queued]>
[2020-04-07 04:51:41,169] {taskinstance.py:834} INFO - 
--------------------------------------------------------------------------------
[2020-04-07 04:51:41,169] {taskinstance.py:835} INFO - Starting attempt 1 of 1
[2020-04-07 04:51:41,169] {taskinstance.py:836} INFO - 
--------------------------------------------------------------------------------
[2020-04-07 04:51:41,190] {taskinstance.py:855} INFO - Executing <Task(BashOperator): run_after_loop> on 2020-04-06T00:00:00+00:00
[2020-04-07 04:51:41,191] {base_task_runner.py:133} INFO - Running: ['airflow', 'run', 'asdasd', 'run_after_loop', '2020-04-06T00:00:00+00:00', '--job_id', '11', '--pool', 'default_pool', '--raw', '-sd', 'DAGS_FOLDER/bbb.py', '--cfg_path', '/tmp/tmp_8v9wuot']
[2020-04-07 04:51:41,819] {base_task_runner.py:115} INFO - Job 11: Subtask run_after_loop /usr/local/lib/python3.6/site-packages/airflow/configuration.py:593: DeprecationWarning: Specifying both AIRFLOW_HOME environment variable and airflow_home in the config file is deprecated. Please use only the AIRFLOW_HOME environment variable and remove the config file entry.
[2020-04-07 04:51:41,819] {base_task_runner.py:115} INFO - Job 11: Subtask run_after_loop   warnings.warn(msg, category=DeprecationWarning)
[2020-04-07 04:51:41,938] {base_task_runner.py:115} INFO - Job 11: Subtask run_after_loop [2020-04-07 04:51:41,937] {settings.py:213} INFO - settings.configure_orm(): Using pool settings. pool_size=5, max_overflow=10, pool_recycle=1800, pid=8
[2020-04-07 04:51:41,960] {base_task_runner.py:115} INFO - Job 11: Subtask run_after_loop /usr/local/lib/python3.6/site-packages/psycopg2/__init__.py:144: UserWarning: The psycopg2 wheel package will be renamed from release 2.8; in order to keep installing from binary please use "pip install psycopg2-binary" instead. For details see: <http://initd.org/psycopg/docs/install.html#binary-install-from-pypi>.
[2020-04-07 04:51:41,960] {base_task_runner.py:115} INFO - Job 11: Subtask run_after_loop   """)
[2020-04-07 04:51:42,088] {base_task_runner.py:115} INFO - Job 11: Subtask run_after_loop [2020-04-07 04:51:42,087] {__init__.py:51} INFO - Using executor LocalExecutor
[2020-04-07 04:51:42,520] {base_task_runner.py:115} INFO - Job 11: Subtask run_after_loop [2020-04-07 04:51:42,519] {dagbag.py:90} INFO - Filling up the DagBag from /usr/local/airflow/dags/bbb.py
[2020-04-07 04:51:42,544] {base_task_runner.py:115} INFO - Job 11: Subtask run_after_loop [2020-04-07 04:51:42,544] {cli.py:516} INFO - Running <TaskInstance: asdasd.run_after_loop 2020-04-06T00:00:00+00:00 [running]> on host asdasdrunafterloop-932b0de504704778abaecd1ab9ec82e0
[2020-04-07 04:51:42,574] {bash_operator.py:81} INFO - Tmp dir root location: 
 /tmp
[2020-04-07 04:51:42,574] {bash_operator.py:91} INFO - Exporting the following env vars:
AIRFLOW_CTX_DAG_ID=asdasd
AIRFLOW_CTX_TASK_ID=run_after_loop
AIRFLOW_CTX_EXECUTION_DATE=2020-04-06T00:00:00+00:00
AIRFLOW_CTX_DAG_RUN_ID=scheduled__2020-04-06T00:00:00+00:00
[2020-04-07 04:51:42,575] {bash_operator.py:105} INFO - Temporary script location: /tmp/airflowtmpbdu6z11q/run_after_loopbicwl_g3
[2020-04-07 04:51:42,575] {bash_operator.py:115} INFO - Running command: echo 1
[2020-04-07 04:51:42,583] {bash_operator.py:124} INFO - Output:
[2020-04-07 04:51:42,586] {bash_operator.py:128} INFO - 1
[2020-04-07 04:51:42,587] {bash_operator.py:132} INFO - Command exited with return code 0
[2020-04-07 04:51:46,107] {logging_mixin.py:95} INFO - [[34m2020-04-07 04:51:46,106[0m] {[34mlocal_task_job.py:[0m105} INFO[0m - Task exited with return code 0[0m
