[2020-04-07 04:51:36,409] {taskinstance.py:616} INFO - Dependencies all met for <TaskInstance: asdasd.also_run_this 2020-04-06T00:00:00+00:00 [queued]>
[2020-04-07 04:51:36,421] {taskinstance.py:616} INFO - Dependencies all met for <TaskInstance: asdasd.also_run_this 2020-04-06T00:00:00+00:00 [queued]>
[2020-04-07 04:51:36,422] {taskinstance.py:834} INFO - 
--------------------------------------------------------------------------------
[2020-04-07 04:51:36,422] {taskinstance.py:835} INFO - Starting attempt 1 of 1
[2020-04-07 04:51:36,422] {taskinstance.py:836} INFO - 
--------------------------------------------------------------------------------
[2020-04-07 04:51:36,437] {taskinstance.py:855} INFO - Executing <Task(BashOperator): also_run_this> on 2020-04-06T00:00:00+00:00
[2020-04-07 04:51:36,437] {base_task_runner.py:133} INFO - Running: ['airflow', 'run', 'asdasd', 'also_run_this', '2020-04-06T00:00:00+00:00', '--job_id', '9', '--pool', 'default_pool', '--raw', '-sd', 'DAGS_FOLDER/bbb.py', '--cfg_path', '/tmp/tmpzu9qlzwl']
[2020-04-07 04:51:37,223] {base_task_runner.py:115} INFO - Job 9: Subtask also_run_this /usr/local/lib/python3.6/site-packages/airflow/configuration.py:593: DeprecationWarning: Specifying both AIRFLOW_HOME environment variable and airflow_home in the config file is deprecated. Please use only the AIRFLOW_HOME environment variable and remove the config file entry.
[2020-04-07 04:51:37,223] {base_task_runner.py:115} INFO - Job 9: Subtask also_run_this   warnings.warn(msg, category=DeprecationWarning)
[2020-04-07 04:51:37,385] {base_task_runner.py:115} INFO - Job 9: Subtask also_run_this [2020-04-07 04:51:37,385] {settings.py:213} INFO - settings.configure_orm(): Using pool settings. pool_size=5, max_overflow=10, pool_recycle=1800, pid=8
[2020-04-07 04:51:37,412] {base_task_runner.py:115} INFO - Job 9: Subtask also_run_this /usr/local/lib/python3.6/site-packages/psycopg2/__init__.py:144: UserWarning: The psycopg2 wheel package will be renamed from release 2.8; in order to keep installing from binary please use "pip install psycopg2-binary" instead. For details see: <http://initd.org/psycopg/docs/install.html#binary-install-from-pypi>.
[2020-04-07 04:51:37,412] {base_task_runner.py:115} INFO - Job 9: Subtask also_run_this   """)
[2020-04-07 04:51:37,554] {base_task_runner.py:115} INFO - Job 9: Subtask also_run_this [2020-04-07 04:51:37,553] {__init__.py:51} INFO - Using executor LocalExecutor
[2020-04-07 04:51:38,358] {base_task_runner.py:115} INFO - Job 9: Subtask also_run_this [2020-04-07 04:51:38,357] {dagbag.py:90} INFO - Filling up the DagBag from /usr/local/airflow/dags/bbb.py
[2020-04-07 04:51:38,424] {base_task_runner.py:115} INFO - Job 9: Subtask also_run_this [2020-04-07 04:51:38,423] {cli.py:516} INFO - Running <TaskInstance: asdasd.also_run_this 2020-04-06T00:00:00+00:00 [running]> on host asdasdalsorunthis-cba9ee87c33545c18a6c5f5ba29aa267
[2020-04-07 04:51:38,543] {bash_operator.py:81} INFO - Tmp dir root location: 
 /tmp
[2020-04-07 04:51:38,543] {bash_operator.py:91} INFO - Exporting the following env vars:
AIRFLOW_CTX_DAG_ID=asdasd
AIRFLOW_CTX_TASK_ID=also_run_this
AIRFLOW_CTX_EXECUTION_DATE=2020-04-06T00:00:00+00:00
AIRFLOW_CTX_DAG_RUN_ID=scheduled__2020-04-06T00:00:00+00:00
[2020-04-07 04:51:38,543] {bash_operator.py:105} INFO - Temporary script location: /tmp/airflowtmp78fpyw1_/also_run_this0313ruh4
[2020-04-07 04:51:38,543] {bash_operator.py:115} INFO - Running command: echo "run_id=scheduled__2020-04-06T00:00:00+00:00 | dag_run=<DagRun asdasd @ 2020-04-06 00:00:00+00:00: scheduled__2020-04-06T00:00:00+00:00, externally triggered: False>"
[2020-04-07 04:51:38,561] {bash_operator.py:124} INFO - Output:
[2020-04-07 04:51:38,563] {bash_operator.py:128} INFO - run_id=scheduled__2020-04-06T00:00:00+00:00 | dag_run=<DagRun asdasd @ 2020-04-06 00:00:00+00:00: scheduled__2020-04-06T00:00:00+00:00, externally triggered: False>
[2020-04-07 04:51:38,563] {bash_operator.py:132} INFO - Command exited with return code 0
[2020-04-07 04:51:41,428] {logging_mixin.py:95} INFO - [[34m2020-04-07 04:51:41,427[0m] {[34mlocal_task_job.py:[0m105} INFO[0m - Task exited with return code 0[0m
