[2020-04-07 04:51:15,529] {taskinstance.py:616} INFO - Dependencies all met for <TaskInstance: asdasd.runme_2 2020-04-05T00:00:00+00:00 [queued]>
[2020-04-07 04:51:15,538] {taskinstance.py:616} INFO - Dependencies all met for <TaskInstance: asdasd.runme_2 2020-04-05T00:00:00+00:00 [queued]>
[2020-04-07 04:51:15,538] {taskinstance.py:834} INFO - 
--------------------------------------------------------------------------------
[2020-04-07 04:51:15,538] {taskinstance.py:835} INFO - Starting attempt 1 of 1
[2020-04-07 04:51:15,538] {taskinstance.py:836} INFO - 
--------------------------------------------------------------------------------
[2020-04-07 04:51:15,557] {taskinstance.py:855} INFO - Executing <Task(BashOperator): runme_2> on 2020-04-05T00:00:00+00:00
[2020-04-07 04:51:15,557] {base_task_runner.py:133} INFO - Running: ['airflow', 'run', 'asdasd', 'runme_2', '2020-04-05T00:00:00+00:00', '--job_id', '2', '--pool', 'default_pool', '--raw', '-sd', 'DAGS_FOLDER/bbb.py', '--cfg_path', '/tmp/tmpqeae3skt']
[2020-04-07 04:51:16,275] {base_task_runner.py:115} INFO - Job 2: Subtask runme_2 /usr/local/lib/python3.6/site-packages/airflow/configuration.py:593: DeprecationWarning: Specifying both AIRFLOW_HOME environment variable and airflow_home in the config file is deprecated. Please use only the AIRFLOW_HOME environment variable and remove the config file entry.
[2020-04-07 04:51:16,279] {base_task_runner.py:115} INFO - Job 2: Subtask runme_2   warnings.warn(msg, category=DeprecationWarning)
[2020-04-07 04:51:16,415] {base_task_runner.py:115} INFO - Job 2: Subtask runme_2 [2020-04-07 04:51:16,412] {settings.py:213} INFO - settings.configure_orm(): Using pool settings. pool_size=5, max_overflow=10, pool_recycle=1800, pid=8
[2020-04-07 04:51:16,439] {base_task_runner.py:115} INFO - Job 2: Subtask runme_2 /usr/local/lib/python3.6/site-packages/psycopg2/__init__.py:144: UserWarning: The psycopg2 wheel package will be renamed from release 2.8; in order to keep installing from binary please use "pip install psycopg2-binary" instead. For details see: <http://initd.org/psycopg/docs/install.html#binary-install-from-pypi>.
[2020-04-07 04:51:16,439] {base_task_runner.py:115} INFO - Job 2: Subtask runme_2   """)
[2020-04-07 04:51:16,601] {base_task_runner.py:115} INFO - Job 2: Subtask runme_2 [2020-04-07 04:51:16,600] {__init__.py:51} INFO - Using executor LocalExecutor
[2020-04-07 04:51:17,074] {base_task_runner.py:115} INFO - Job 2: Subtask runme_2 [2020-04-07 04:51:17,071] {dagbag.py:90} INFO - Filling up the DagBag from /usr/local/airflow/dags/bbb.py
[2020-04-07 04:51:17,100] {base_task_runner.py:115} INFO - Job 2: Subtask runme_2 [2020-04-07 04:51:17,099] {cli.py:516} INFO - Running <TaskInstance: asdasd.runme_2 2020-04-05T00:00:00+00:00 [running]> on host asdasdrunme2-596fbc03ad50403fbd45fd896491c9af
[2020-04-07 04:51:17,119] {bash_operator.py:81} INFO - Tmp dir root location: 
 /tmp
[2020-04-07 04:51:17,119] {bash_operator.py:91} INFO - Exporting the following env vars:
AIRFLOW_CTX_DAG_ID=asdasd
AIRFLOW_CTX_TASK_ID=runme_2
AIRFLOW_CTX_EXECUTION_DATE=2020-04-05T00:00:00+00:00
AIRFLOW_CTX_DAG_RUN_ID=scheduled__2020-04-05T00:00:00+00:00
[2020-04-07 04:51:17,120] {bash_operator.py:105} INFO - Temporary script location: /tmp/airflowtmpboslzhk_/runme_228nbjbc4
[2020-04-07 04:51:17,120] {bash_operator.py:115} INFO - Running command: echo "asdasd__runme_2__20200405" && sleep 1
[2020-04-07 04:51:17,124] {bash_operator.py:124} INFO - Output:
[2020-04-07 04:51:17,127] {bash_operator.py:128} INFO - asdasd__runme_2__20200405
[2020-04-07 04:51:18,134] {bash_operator.py:132} INFO - Command exited with return code 0
[2020-04-07 04:51:20,547] {logging_mixin.py:95} INFO - [[34m2020-04-07 04:51:20,546[0m] {[34mlocal_task_job.py:[0m105} INFO[0m - Task exited with return code 0[0m
