[2020-04-07 04:51:39,537] {taskinstance.py:616} INFO - Dependencies all met for <TaskInstance: asdasd.run_after_loop 2020-04-05T00:00:00+00:00 [queued]>
[2020-04-07 04:51:39,553] {taskinstance.py:616} INFO - Dependencies all met for <TaskInstance: asdasd.run_after_loop 2020-04-05T00:00:00+00:00 [queued]>
[2020-04-07 04:51:39,554] {taskinstance.py:834} INFO - 
--------------------------------------------------------------------------------
[2020-04-07 04:51:39,554] {taskinstance.py:835} INFO - Starting attempt 1 of 1
[2020-04-07 04:51:39,554] {taskinstance.py:836} INFO - 
--------------------------------------------------------------------------------
[2020-04-07 04:51:39,560] {taskinstance.py:855} INFO - Executing <Task(BashOperator): run_after_loop> on 2020-04-05T00:00:00+00:00
[2020-04-07 04:51:39,560] {base_task_runner.py:133} INFO - Running: ['airflow', 'run', 'asdasd', 'run_after_loop', '2020-04-05T00:00:00+00:00', '--job_id', '10', '--pool', 'default_pool', '--raw', '-sd', 'DAGS_FOLDER/bbb.py', '--cfg_path', '/tmp/tmpi5i5zn33']
[2020-04-07 04:51:40,352] {base_task_runner.py:115} INFO - Job 10: Subtask run_after_loop /usr/local/lib/python3.6/site-packages/airflow/configuration.py:593: DeprecationWarning: Specifying both AIRFLOW_HOME environment variable and airflow_home in the config file is deprecated. Please use only the AIRFLOW_HOME environment variable and remove the config file entry.
[2020-04-07 04:51:40,352] {base_task_runner.py:115} INFO - Job 10: Subtask run_after_loop   warnings.warn(msg, category=DeprecationWarning)
[2020-04-07 04:51:40,511] {base_task_runner.py:115} INFO - Job 10: Subtask run_after_loop [2020-04-07 04:51:40,511] {settings.py:213} INFO - settings.configure_orm(): Using pool settings. pool_size=5, max_overflow=10, pool_recycle=1800, pid=8
[2020-04-07 04:51:40,542] {base_task_runner.py:115} INFO - Job 10: Subtask run_after_loop /usr/local/lib/python3.6/site-packages/psycopg2/__init__.py:144: UserWarning: The psycopg2 wheel package will be renamed from release 2.8; in order to keep installing from binary please use "pip install psycopg2-binary" instead. For details see: <http://initd.org/psycopg/docs/install.html#binary-install-from-pypi>.
[2020-04-07 04:51:40,542] {base_task_runner.py:115} INFO - Job 10: Subtask run_after_loop   """)
[2020-04-07 04:51:40,759] {base_task_runner.py:115} INFO - Job 10: Subtask run_after_loop [2020-04-07 04:51:40,757] {__init__.py:51} INFO - Using executor LocalExecutor
[2020-04-07 04:51:41,189] {base_task_runner.py:115} INFO - Job 10: Subtask run_after_loop [2020-04-07 04:51:41,188] {dagbag.py:90} INFO - Filling up the DagBag from /usr/local/airflow/dags/bbb.py
[2020-04-07 04:51:41,244] {base_task_runner.py:115} INFO - Job 10: Subtask run_after_loop [2020-04-07 04:51:41,243] {cli.py:516} INFO - Running <TaskInstance: asdasd.run_after_loop 2020-04-05T00:00:00+00:00 [running]> on host asdasdrunafterloop-741d83d14a574dea86db0cc12b494b99
[2020-04-07 04:51:41,262] {bash_operator.py:81} INFO - Tmp dir root location: 
 /tmp
[2020-04-07 04:51:41,262] {bash_operator.py:91} INFO - Exporting the following env vars:
AIRFLOW_CTX_DAG_ID=asdasd
AIRFLOW_CTX_TASK_ID=run_after_loop
AIRFLOW_CTX_EXECUTION_DATE=2020-04-05T00:00:00+00:00
AIRFLOW_CTX_DAG_RUN_ID=scheduled__2020-04-05T00:00:00+00:00
[2020-04-07 04:51:41,262] {bash_operator.py:105} INFO - Temporary script location: /tmp/airflowtmp011dl60z/run_after_loopl4n36hi_
[2020-04-07 04:51:41,262] {bash_operator.py:115} INFO - Running command: echo 1
[2020-04-07 04:51:41,267] {bash_operator.py:124} INFO - Output:
[2020-04-07 04:51:41,270] {bash_operator.py:128} INFO - 1
[2020-04-07 04:51:41,270] {bash_operator.py:132} INFO - Command exited with return code 0
[2020-04-07 04:51:44,522] {logging_mixin.py:95} INFO - [[34m2020-04-07 04:51:44,521[0m] {[34mlocal_task_job.py:[0m105} INFO[0m - Task exited with return code 0[0m
