[2020-04-07 04:51:32,699] {taskinstance.py:616} INFO - Dependencies all met for <TaskInstance: asdasd.also_run_this 2020-04-05T00:00:00+00:00 [queued]>
[2020-04-07 04:51:32,713] {taskinstance.py:616} INFO - Dependencies all met for <TaskInstance: asdasd.also_run_this 2020-04-05T00:00:00+00:00 [queued]>
[2020-04-07 04:51:32,713] {taskinstance.py:834} INFO - 
--------------------------------------------------------------------------------
[2020-04-07 04:51:32,713] {taskinstance.py:835} INFO - Starting attempt 1 of 1
[2020-04-07 04:51:32,713] {taskinstance.py:836} INFO - 
--------------------------------------------------------------------------------
[2020-04-07 04:51:32,727] {taskinstance.py:855} INFO - Executing <Task(BashOperator): also_run_this> on 2020-04-05T00:00:00+00:00
[2020-04-07 04:51:32,727] {base_task_runner.py:133} INFO - Running: ['airflow', 'run', 'asdasd', 'also_run_this', '2020-04-05T00:00:00+00:00', '--job_id', '8', '--pool', 'default_pool', '--raw', '-sd', 'DAGS_FOLDER/bbb.py', '--cfg_path', '/tmp/tmp8y0vfeh4']
[2020-04-07 04:51:33,384] {base_task_runner.py:115} INFO - Job 8: Subtask also_run_this /usr/local/lib/python3.6/site-packages/airflow/configuration.py:593: DeprecationWarning: Specifying both AIRFLOW_HOME environment variable and airflow_home in the config file is deprecated. Please use only the AIRFLOW_HOME environment variable and remove the config file entry.
[2020-04-07 04:51:33,385] {base_task_runner.py:115} INFO - Job 8: Subtask also_run_this   warnings.warn(msg, category=DeprecationWarning)
[2020-04-07 04:51:33,509] {base_task_runner.py:115} INFO - Job 8: Subtask also_run_this [2020-04-07 04:51:33,509] {settings.py:213} INFO - settings.configure_orm(): Using pool settings. pool_size=5, max_overflow=10, pool_recycle=1800, pid=8
[2020-04-07 04:51:33,532] {base_task_runner.py:115} INFO - Job 8: Subtask also_run_this /usr/local/lib/python3.6/site-packages/psycopg2/__init__.py:144: UserWarning: The psycopg2 wheel package will be renamed from release 2.8; in order to keep installing from binary please use "pip install psycopg2-binary" instead. For details see: <http://initd.org/psycopg/docs/install.html#binary-install-from-pypi>.
[2020-04-07 04:51:33,532] {base_task_runner.py:115} INFO - Job 8: Subtask also_run_this   """)
[2020-04-07 04:51:33,756] {base_task_runner.py:115} INFO - Job 8: Subtask also_run_this [2020-04-07 04:51:33,714] {__init__.py:51} INFO - Using executor LocalExecutor
[2020-04-07 04:51:34,360] {base_task_runner.py:115} INFO - Job 8: Subtask also_run_this [2020-04-07 04:51:34,359] {dagbag.py:90} INFO - Filling up the DagBag from /usr/local/airflow/dags/bbb.py
[2020-04-07 04:51:34,403] {base_task_runner.py:115} INFO - Job 8: Subtask also_run_this [2020-04-07 04:51:34,402] {cli.py:516} INFO - Running <TaskInstance: asdasd.also_run_this 2020-04-05T00:00:00+00:00 [running]> on host asdasdalsorunthis-da7e180f25cd4aa58ef7454001b8cf1d
[2020-04-07 04:51:34,421] {bash_operator.py:81} INFO - Tmp dir root location: 
 /tmp
[2020-04-07 04:51:34,421] {bash_operator.py:91} INFO - Exporting the following env vars:
AIRFLOW_CTX_DAG_ID=asdasd
AIRFLOW_CTX_TASK_ID=also_run_this
AIRFLOW_CTX_EXECUTION_DATE=2020-04-05T00:00:00+00:00
AIRFLOW_CTX_DAG_RUN_ID=scheduled__2020-04-05T00:00:00+00:00
[2020-04-07 04:51:34,422] {bash_operator.py:105} INFO - Temporary script location: /tmp/airflowtmptgyjzy9i/also_run_thishgvx9xmu
[2020-04-07 04:51:34,422] {bash_operator.py:115} INFO - Running command: echo "run_id=scheduled__2020-04-05T00:00:00+00:00 | dag_run=<DagRun asdasd @ 2020-04-05 00:00:00+00:00: scheduled__2020-04-05T00:00:00+00:00, externally triggered: False>"
[2020-04-07 04:51:34,426] {bash_operator.py:124} INFO - Output:
[2020-04-07 04:51:34,427] {bash_operator.py:128} INFO - run_id=scheduled__2020-04-05T00:00:00+00:00 | dag_run=<DagRun asdasd @ 2020-04-05 00:00:00+00:00: scheduled__2020-04-05T00:00:00+00:00, externally triggered: False>
[2020-04-07 04:51:34,428] {bash_operator.py:132} INFO - Command exited with return code 0
[2020-04-07 04:51:37,738] {logging_mixin.py:95} INFO - [[34m2020-04-07 04:51:37,736[0m] {[34mlocal_task_job.py:[0m105} INFO[0m - Task exited with return code 0[0m
