[2020-04-07 04:51:30,441] {taskinstance.py:616} INFO - Dependencies all met for <TaskInstance: asdasd.runme_0 2020-04-06T00:00:00+00:00 [queued]>
[2020-04-07 04:51:30,471] {taskinstance.py:616} INFO - Dependencies all met for <TaskInstance: asdasd.runme_0 2020-04-06T00:00:00+00:00 [queued]>
[2020-04-07 04:51:30,471] {taskinstance.py:834} INFO - 
--------------------------------------------------------------------------------
[2020-04-07 04:51:30,471] {taskinstance.py:835} INFO - Starting attempt 1 of 1
[2020-04-07 04:51:30,471] {taskinstance.py:836} INFO - 
--------------------------------------------------------------------------------
[2020-04-07 04:51:30,570] {taskinstance.py:855} INFO - Executing <Task(BashOperator): runme_0> on 2020-04-06T00:00:00+00:00
[2020-04-07 04:51:30,570] {base_task_runner.py:133} INFO - Running: ['airflow', 'run', 'asdasd', 'runme_0', '2020-04-06T00:00:00+00:00', '--job_id', '7', '--pool', 'default_pool', '--raw', '-sd', 'DAGS_FOLDER/bbb.py', '--cfg_path', '/tmp/tmpp2n5leu0']
[2020-04-07 04:51:31,641] {base_task_runner.py:115} INFO - Job 7: Subtask runme_0 /usr/local/lib/python3.6/site-packages/airflow/configuration.py:593: DeprecationWarning: Specifying both AIRFLOW_HOME environment variable and airflow_home in the config file is deprecated. Please use only the AIRFLOW_HOME environment variable and remove the config file entry.
[2020-04-07 04:51:31,641] {base_task_runner.py:115} INFO - Job 7: Subtask runme_0   warnings.warn(msg, category=DeprecationWarning)
[2020-04-07 04:51:31,769] {base_task_runner.py:115} INFO - Job 7: Subtask runme_0 [2020-04-07 04:51:31,768] {settings.py:213} INFO - settings.configure_orm(): Using pool settings. pool_size=5, max_overflow=10, pool_recycle=1800, pid=8
[2020-04-07 04:51:31,793] {base_task_runner.py:115} INFO - Job 7: Subtask runme_0 /usr/local/lib/python3.6/site-packages/psycopg2/__init__.py:144: UserWarning: The psycopg2 wheel package will be renamed from release 2.8; in order to keep installing from binary please use "pip install psycopg2-binary" instead. For details see: <http://initd.org/psycopg/docs/install.html#binary-install-from-pypi>.
[2020-04-07 04:51:31,793] {base_task_runner.py:115} INFO - Job 7: Subtask runme_0   """)
[2020-04-07 04:51:31,953] {base_task_runner.py:115} INFO - Job 7: Subtask runme_0 [2020-04-07 04:51:31,952] {__init__.py:51} INFO - Using executor LocalExecutor
[2020-04-07 04:51:32,450] {base_task_runner.py:115} INFO - Job 7: Subtask runme_0 [2020-04-07 04:51:32,449] {dagbag.py:90} INFO - Filling up the DagBag from /usr/local/airflow/dags/bbb.py
[2020-04-07 04:51:32,494] {base_task_runner.py:115} INFO - Job 7: Subtask runme_0 [2020-04-07 04:51:32,492] {cli.py:516} INFO - Running <TaskInstance: asdasd.runme_0 2020-04-06T00:00:00+00:00 [running]> on host asdasdrunme0-e6faac5d7b534bf89e54bc6bc24c2977
[2020-04-07 04:51:32,522] {bash_operator.py:81} INFO - Tmp dir root location: 
 /tmp
[2020-04-07 04:51:32,522] {bash_operator.py:91} INFO - Exporting the following env vars:
AIRFLOW_CTX_DAG_ID=asdasd
AIRFLOW_CTX_TASK_ID=runme_0
AIRFLOW_CTX_EXECUTION_DATE=2020-04-06T00:00:00+00:00
AIRFLOW_CTX_DAG_RUN_ID=scheduled__2020-04-06T00:00:00+00:00
[2020-04-07 04:51:32,522] {bash_operator.py:105} INFO - Temporary script location: /tmp/airflowtmp7iro07hy/runme_01s4u_igy
[2020-04-07 04:51:32,523] {bash_operator.py:115} INFO - Running command: echo "asdasd__runme_0__20200406" && sleep 1
[2020-04-07 04:51:32,529] {bash_operator.py:124} INFO - Output:
[2020-04-07 04:51:32,531] {bash_operator.py:128} INFO - asdasd__runme_0__20200406
[2020-04-07 04:51:33,532] {bash_operator.py:132} INFO - Command exited with return code 0
[2020-04-07 04:51:35,406] {logging_mixin.py:95} INFO - [[34m2020-04-07 04:51:35,405[0m] {[34mlocal_task_job.py:[0m105} INFO[0m - Task exited with return code 0[0m
