[2020-04-08 00:38:48,175] {taskinstance.py:616} INFO - Dependencies all met for <TaskInstance: asdasd.also_run_this 2020-04-07T00:00:00+00:00 [queued]>
[2020-04-08 00:38:48,183] {taskinstance.py:616} INFO - Dependencies all met for <TaskInstance: asdasd.also_run_this 2020-04-07T00:00:00+00:00 [queued]>
[2020-04-08 00:38:48,184] {taskinstance.py:834} INFO - 
--------------------------------------------------------------------------------
[2020-04-08 00:38:48,184] {taskinstance.py:835} INFO - Starting attempt 1 of 1
[2020-04-08 00:38:48,184] {taskinstance.py:836} INFO - 
--------------------------------------------------------------------------------
[2020-04-08 00:38:48,196] {taskinstance.py:855} INFO - Executing <Task(BashOperator): also_run_this> on 2020-04-07T00:00:00+00:00
[2020-04-08 00:38:48,196] {base_task_runner.py:133} INFO - Running: ['airflow', 'run', 'asdasd', 'also_run_this', '2020-04-07T00:00:00+00:00', '--job_id', '18', '--pool', 'default_pool', '--raw', '-sd', 'DAGS_FOLDER/bbb.py', '--cfg_path', '/tmp/tmp618hugjn']
[2020-04-08 00:38:49,034] {base_task_runner.py:115} INFO - Job 18: Subtask also_run_this /usr/local/lib/python3.6/site-packages/airflow/configuration.py:593: DeprecationWarning: Specifying both AIRFLOW_HOME environment variable and airflow_home in the config file is deprecated. Please use only the AIRFLOW_HOME environment variable and remove the config file entry.
[2020-04-08 00:38:49,035] {base_task_runner.py:115} INFO - Job 18: Subtask also_run_this   warnings.warn(msg, category=DeprecationWarning)
[2020-04-08 00:38:49,319] {base_task_runner.py:115} INFO - Job 18: Subtask also_run_this [2020-04-08 00:38:49,310] {settings.py:213} INFO - settings.configure_orm(): Using pool settings. pool_size=5, max_overflow=10, pool_recycle=1800, pid=8
[2020-04-08 00:38:49,349] {base_task_runner.py:115} INFO - Job 18: Subtask also_run_this /usr/local/lib/python3.6/site-packages/psycopg2/__init__.py:144: UserWarning: The psycopg2 wheel package will be renamed from release 2.8; in order to keep installing from binary please use "pip install psycopg2-binary" instead. For details see: <http://initd.org/psycopg/docs/install.html#binary-install-from-pypi>.
[2020-04-08 00:38:49,349] {base_task_runner.py:115} INFO - Job 18: Subtask also_run_this   """)
[2020-04-08 00:38:49,580] {base_task_runner.py:115} INFO - Job 18: Subtask also_run_this [2020-04-08 00:38:49,579] {__init__.py:51} INFO - Using executor LocalExecutor
[2020-04-08 00:38:50,123] {base_task_runner.py:115} INFO - Job 18: Subtask also_run_this [2020-04-08 00:38:50,120] {dagbag.py:90} INFO - Filling up the DagBag from /usr/local/airflow/dags/bbb.py
[2020-04-08 00:38:50,152] {base_task_runner.py:115} INFO - Job 18: Subtask also_run_this [2020-04-08 00:38:50,151] {cli.py:516} INFO - Running <TaskInstance: asdasd.also_run_this 2020-04-07T00:00:00+00:00 [running]> on host asdasdalsorunthis-90c5e1cfcbc74acfbe1fa1ae9e88516a
[2020-04-08 00:38:50,172] {bash_operator.py:81} INFO - Tmp dir root location: 
 /tmp
[2020-04-08 00:38:50,172] {bash_operator.py:91} INFO - Exporting the following env vars:
AIRFLOW_CTX_DAG_ID=asdasd
AIRFLOW_CTX_TASK_ID=also_run_this
AIRFLOW_CTX_EXECUTION_DATE=2020-04-07T00:00:00+00:00
AIRFLOW_CTX_DAG_RUN_ID=scheduled__2020-04-07T00:00:00+00:00
[2020-04-08 00:38:50,173] {bash_operator.py:105} INFO - Temporary script location: /tmp/airflowtmpz7tjgr9k/also_run_this17xc83bt
[2020-04-08 00:38:50,174] {bash_operator.py:115} INFO - Running command: echo "run_id=scheduled__2020-04-07T00:00:00+00:00 | dag_run=<DagRun asdasd @ 2020-04-07 00:00:00+00:00: scheduled__2020-04-07T00:00:00+00:00, externally triggered: False>"
[2020-04-08 00:38:50,183] {bash_operator.py:124} INFO - Output:
[2020-04-08 00:38:50,188] {bash_operator.py:128} INFO - run_id=scheduled__2020-04-07T00:00:00+00:00 | dag_run=<DagRun asdasd @ 2020-04-07 00:00:00+00:00: scheduled__2020-04-07T00:00:00+00:00, externally triggered: False>
[2020-04-08 00:38:50,189] {bash_operator.py:132} INFO - Command exited with return code 0
[2020-04-08 00:38:53,166] {logging_mixin.py:95} INFO - [[34m2020-04-08 00:38:53,165[0m] {[34mlocal_task_job.py:[0m105} INFO[0m - Task exited with return code 0[0m
