[2020-04-07 04:51:26,980] {taskinstance.py:616} INFO - Dependencies all met for <TaskInstance: asdasd.runme_1 2020-04-06T00:00:00+00:00 [queued]>
[2020-04-07 04:51:26,990] {taskinstance.py:616} INFO - Dependencies all met for <TaskInstance: asdasd.runme_1 2020-04-06T00:00:00+00:00 [queued]>
[2020-04-07 04:51:26,990] {taskinstance.py:834} INFO - 
--------------------------------------------------------------------------------
[2020-04-07 04:51:26,990] {taskinstance.py:835} INFO - Starting attempt 1 of 1
[2020-04-07 04:51:26,990] {taskinstance.py:836} INFO - 
--------------------------------------------------------------------------------
[2020-04-07 04:51:27,042] {taskinstance.py:855} INFO - Executing <Task(BashOperator): runme_1> on 2020-04-06T00:00:00+00:00
[2020-04-07 04:51:27,042] {base_task_runner.py:133} INFO - Running: ['airflow', 'run', 'asdasd', 'runme_1', '2020-04-06T00:00:00+00:00', '--job_id', '6', '--pool', 'default_pool', '--raw', '-sd', 'DAGS_FOLDER/bbb.py', '--cfg_path', '/tmp/tmpjisuid4j']
[2020-04-07 04:51:27,817] {base_task_runner.py:115} INFO - Job 6: Subtask runme_1 /usr/local/lib/python3.6/site-packages/airflow/configuration.py:593: DeprecationWarning: Specifying both AIRFLOW_HOME environment variable and airflow_home in the config file is deprecated. Please use only the AIRFLOW_HOME environment variable and remove the config file entry.
[2020-04-07 04:51:27,817] {base_task_runner.py:115} INFO - Job 6: Subtask runme_1   warnings.warn(msg, category=DeprecationWarning)
[2020-04-07 04:51:28,005] {base_task_runner.py:115} INFO - Job 6: Subtask runme_1 [2020-04-07 04:51:28,005] {settings.py:213} INFO - settings.configure_orm(): Using pool settings. pool_size=5, max_overflow=10, pool_recycle=1800, pid=8
[2020-04-07 04:51:28,098] {base_task_runner.py:115} INFO - Job 6: Subtask runme_1 /usr/local/lib/python3.6/site-packages/psycopg2/__init__.py:144: UserWarning: The psycopg2 wheel package will be renamed from release 2.8; in order to keep installing from binary please use "pip install psycopg2-binary" instead. For details see: <http://initd.org/psycopg/docs/install.html#binary-install-from-pypi>.
[2020-04-07 04:51:28,098] {base_task_runner.py:115} INFO - Job 6: Subtask runme_1   """)
[2020-04-07 04:51:28,287] {base_task_runner.py:115} INFO - Job 6: Subtask runme_1 [2020-04-07 04:51:28,286] {__init__.py:51} INFO - Using executor LocalExecutor
[2020-04-07 04:51:28,903] {base_task_runner.py:115} INFO - Job 6: Subtask runme_1 [2020-04-07 04:51:28,900] {dagbag.py:90} INFO - Filling up the DagBag from /usr/local/airflow/dags/bbb.py
[2020-04-07 04:51:28,960] {base_task_runner.py:115} INFO - Job 6: Subtask runme_1 [2020-04-07 04:51:28,959] {cli.py:516} INFO - Running <TaskInstance: asdasd.runme_1 2020-04-06T00:00:00+00:00 [running]> on host asdasdrunme1-88b5a27c845f464f9b0806531be1935a
[2020-04-07 04:51:28,993] {bash_operator.py:81} INFO - Tmp dir root location: 
 /tmp
[2020-04-07 04:51:28,994] {bash_operator.py:91} INFO - Exporting the following env vars:
AIRFLOW_CTX_DAG_ID=asdasd
AIRFLOW_CTX_TASK_ID=runme_1
AIRFLOW_CTX_EXECUTION_DATE=2020-04-06T00:00:00+00:00
AIRFLOW_CTX_DAG_RUN_ID=scheduled__2020-04-06T00:00:00+00:00
[2020-04-07 04:51:28,994] {bash_operator.py:105} INFO - Temporary script location: /tmp/airflowtmptvbccxuk/runme_1nak1lccq
[2020-04-07 04:51:28,994] {bash_operator.py:115} INFO - Running command: echo "asdasd__runme_1__20200406" && sleep 1
[2020-04-07 04:51:29,007] {bash_operator.py:124} INFO - Output:
[2020-04-07 04:51:29,011] {bash_operator.py:128} INFO - asdasd__runme_1__20200406
[2020-04-07 04:51:30,017] {bash_operator.py:132} INFO - Command exited with return code 0
[2020-04-07 04:51:31,990] {logging_mixin.py:95} INFO - [[34m2020-04-07 04:51:31,988[0m] {[34mlocal_task_job.py:[0m105} INFO[0m - Task exited with return code 0[0m
